2021-01-20T14:12:08+00:00 CRITICAL Uncaught Error: Call to undefined method DisclaimerGestionTable::insererDansTable() in C:\xampp\htdocs\vapobar\wp-content\plugins\eu-disclaimer\views\disclaimer-menu.php:36
Stack trace:
#0 C:\xampp\htdocs\vapobar\wp-content\plugins\eu-disclaimer\eu-disclaimer.php(33): require_once()
#1 C:\xampp\htdocs\vapobar\wp-includes\class-wp-hook.php(287): disclaimerFonction('')
#2 C:\xampp\htdocs\vapobar\wp-includes\class-wp-hook.php(311): WP_Hook->apply_filters('', Array)
#3 C:\xampp\htdocs\vapobar\wp-includes\plugin.php(484): WP_Hook->do_action(Array)
#4 C:\xampp\htdocs\vapobar\wp-admin\admin.php(259): do_action('toplevel_page_e...')
#5 {main}
  thrown dans C:\xampp\htdocs\vapobar\wp-content\plugins\eu-disclaimer\views\disclaimer-menu.php à la ligne 36

2021-01-20T14:13:37+00:00 CRITICAL Uncaught Error: Call to undefined method DisclaimerGestionTable::insererDansTable() in C:\xampp\htdocs\vapobar\wp-content\plugins\eu-disclaimer\views\disclaimer-menu.php:36
Stack trace:
#0 C:\xampp\htdocs\vapobar\wp-content\plugins\eu-disclaimer\eu-disclaimer.php(33): require_once()
#1 C:\xampp\htdocs\vapobar\wp-includes\class-wp-hook.php(287): disclaimerFonction('')
#2 C:\xampp\htdocs\vapobar\wp-includes\class-wp-hook.php(311): WP_Hook->apply_filters('', Array)
#3 C:\xampp\htdocs\vapobar\wp-includes\plugin.php(484): WP_Hook->do_action(Array)
#4 C:\xampp\htdocs\vapobar\wp-admin\admin.php(259): do_action('toplevel_page_e...')
#5 {main}
  thrown dans C:\xampp\htdocs\vapobar\wp-content\plugins\eu-disclaimer\views\disclaimer-menu.php à la ligne 36

2021-01-20T14:52:12+00:00 CRITICAL Uncaught Error: Call to undefined method DisclaimerGestionTable::insererDansTable() in C:\xampp\htdocs\vapobar\wp-content\plugins\eu-disclaimer\views\disclaimer-menu.php:36
Stack trace:
#0 C:\xampp\htdocs\vapobar\wp-content\plugins\eu-disclaimer\eu-disclaimer.php(33): require_once()
#1 C:\xampp\htdocs\vapobar\wp-includes\class-wp-hook.php(287): disclaimerFonction('')
#2 C:\xampp\htdocs\vapobar\wp-includes\class-wp-hook.php(311): WP_Hook->apply_filters('', Array)
#3 C:\xampp\htdocs\vapobar\wp-includes\plugin.php(484): WP_Hook->do_action(Array)
#4 C:\xampp\htdocs\vapobar\wp-admin\admin.php(259): do_action('toplevel_page_e...')
#5 {main}
  thrown dans C:\xampp\htdocs\vapobar\wp-content\plugins\eu-disclaimer\views\disclaimer-menu.php à la ligne 36

