2021-01-29T16:03:32+00:00 CRITICAL Uncaught Error: Call to a member function setMessageDisclaimer() on null in C:\xampp\htdocs\vapobar\wp-content\plugins\eu-disclaimer\views\disclaimer-menu.php:6
Stack trace:
#0 C:\xampp\htdocs\vapobar\wp-content\plugins\eu-disclaimer\eu-disclaimer.php(32): require_once()
#1 C:\xampp\htdocs\vapobar\wp-includes\class-wp-hook.php(287): disclaimerFonction('')
#2 C:\xampp\htdocs\vapobar\wp-includes\class-wp-hook.php(311): WP_Hook->apply_filters('', Array)
#3 C:\xampp\htdocs\vapobar\wp-includes\plugin.php(484): WP_Hook->do_action(Array)
#4 C:\xampp\htdocs\vapobar\wp-admin\admin.php(259): do_action('toplevel_page_e...')
#5 {main}
  thrown dans C:\xampp\htdocs\vapobar\wp-content\plugins\eu-disclaimer\views\disclaimer-menu.php à la ligne 6

2021-01-29T16:04:25+00:00 CRITICAL Uncaught Error: Call to a member function setMessageDisclaimer() on null in C:\xampp\htdocs\vapobar\wp-content\plugins\eu-disclaimer\views\disclaimer-menu.php:6
Stack trace:
#0 C:\xampp\htdocs\vapobar\wp-content\plugins\eu-disclaimer\eu-disclaimer.php(32): require_once()
#1 C:\xampp\htdocs\vapobar\wp-includes\class-wp-hook.php(287): disclaimerFonction('')
#2 C:\xampp\htdocs\vapobar\wp-includes\class-wp-hook.php(311): WP_Hook->apply_filters('', Array)
#3 C:\xampp\htdocs\vapobar\wp-includes\plugin.php(484): WP_Hook->do_action(Array)
#4 C:\xampp\htdocs\vapobar\wp-admin\admin.php(259): do_action('toplevel_page_e...')
#5 {main}
  thrown dans C:\xampp\htdocs\vapobar\wp-content\plugins\eu-disclaimer\views\disclaimer-menu.php à la ligne 6

2021-01-29T16:06:07+00:00 CRITICAL Uncaught Error: Call to a member function setMessageDisclaimer() on null in C:\xampp\htdocs\vapobar\wp-content\plugins\eu-disclaimer\views\disclaimer-menu.php:6
Stack trace:
#0 C:\xampp\htdocs\vapobar\wp-content\plugins\eu-disclaimer\eu-disclaimer.php(32): require_once()
#1 C:\xampp\htdocs\vapobar\wp-includes\class-wp-hook.php(287): disclaimerFonction('')
#2 C:\xampp\htdocs\vapobar\wp-includes\class-wp-hook.php(311): WP_Hook->apply_filters('', Array)
#3 C:\xampp\htdocs\vapobar\wp-includes\plugin.php(484): WP_Hook->do_action(Array)
#4 C:\xampp\htdocs\vapobar\wp-admin\admin.php(259): do_action('toplevel_page_e...')
#5 {main}
  thrown dans C:\xampp\htdocs\vapobar\wp-content\plugins\eu-disclaimer\views\disclaimer-menu.php à la ligne 6

2021-01-29T16:08:56+00:00 CRITICAL Uncaught Error: Call to undefined method DisclaimerGestionTable::insererTable() in C:\xampp\htdocs\vapobar\wp-content\plugins\eu-disclaimer\views\disclaimer-menu.php:8
Stack trace:
#0 C:\xampp\htdocs\vapobar\wp-content\plugins\eu-disclaimer\eu-disclaimer.php(32): require_once()
#1 C:\xampp\htdocs\vapobar\wp-includes\class-wp-hook.php(287): disclaimerFonction('')
#2 C:\xampp\htdocs\vapobar\wp-includes\class-wp-hook.php(311): WP_Hook->apply_filters('', Array)
#3 C:\xampp\htdocs\vapobar\wp-includes\plugin.php(484): WP_Hook->do_action(Array)
#4 C:\xampp\htdocs\vapobar\wp-admin\admin.php(259): do_action('toplevel_page_e...')
#5 {main}
  thrown dans C:\xampp\htdocs\vapobar\wp-content\plugins\eu-disclaimer\views\disclaimer-menu.php à la ligne 8

2021-01-29T16:11:39+00:00 CRITICAL Uncaught Error: Call to undefined method DisclaimerGestionTable::insererTable() in C:\xampp\htdocs\vapobar\wp-content\plugins\eu-disclaimer\views\disclaimer-menu.php:8
Stack trace:
#0 C:\xampp\htdocs\vapobar\wp-content\plugins\eu-disclaimer\eu-disclaimer.php(32): require_once()
#1 C:\xampp\htdocs\vapobar\wp-includes\class-wp-hook.php(287): disclaimerFonction('')
#2 C:\xampp\htdocs\vapobar\wp-includes\class-wp-hook.php(311): WP_Hook->apply_filters('', Array)
#3 C:\xampp\htdocs\vapobar\wp-includes\plugin.php(484): WP_Hook->do_action(Array)
#4 C:\xampp\htdocs\vapobar\wp-admin\admin.php(259): do_action('toplevel_page_e...')
#5 {main}
  thrown dans C:\xampp\htdocs\vapobar\wp-content\plugins\eu-disclaimer\views\disclaimer-menu.php à la ligne 8

