2021-01-21T15:55:16+00:00 CRITICAL Uncaught TypeError: Argument 1 passed to DisclaimerGestionTable::insererDansTable() must be an instance of DisclaimerOptions, null given, called in C:\xampp\htdocs\vapobar\wp-content\plugins\eu-disclaimer\views\disclaimer-menu.php on line 50 and defined in C:\xampp\htdocs\vapobar\wp-content\plugins\eu-disclaimer\Model\Repository\DisclaimerGestionTable.php:57
Stack trace:
#0 C:\xampp\htdocs\vapobar\wp-content\plugins\eu-disclaimer\views\disclaimer-menu.php(50): DisclaimerGestionTable::insererDansTable(NULL, 'https://google....')
#1 C:\xampp\htdocs\vapobar\wp-content\plugins\eu-disclaimer\eu-disclaimer.php(33): require_once('C:\\xampp\\htdocs...')
#2 C:\xampp\htdocs\vapobar\wp-includes\class-wp-hook.php(287): disclaimerFonction('')
#3 C:\xampp\htdocs\vapobar\wp-includes\class-wp-hook.php(311): WP_Hook->apply_filters('', Array)
#4 C:\xampp\htdocs\vapobar\wp-includes\plugin.php(484): WP_Hook->do_action(Array)
#5 C:\xampp\htdocs\vapobar\wp-admin\admin.php(259): do_action('toplevel_page_e...')
#6 {main}
  thrown dans C:\xampp\htdocs\vapobar\wp-content\plugins\eu-disclaimer\Model\Repository\DisclaimerGestionTable.php à la ligne 57

2021-01-21T16:41:46+00:00 CRITICAL Uncaught TypeError: Argument 1 passed to DisclaimerGestionTable::insererDansTable() must be an instance of DisclaimerOptions, null given, called in C:\xampp\htdocs\vapobar\wp-content\plugins\eu-disclaimer\views\disclaimer-menu.php on line 54 and defined in C:\xampp\htdocs\vapobar\wp-content\plugins\eu-disclaimer\Model\Repository\DisclaimerGestionTable.php:57
Stack trace:
#0 C:\xampp\htdocs\vapobar\wp-content\plugins\eu-disclaimer\views\disclaimer-menu.php(54): DisclaimerGestionTable::insererDansTable(NULL, 'https://google....')
#1 C:\xampp\htdocs\vapobar\wp-content\plugins\eu-disclaimer\eu-disclaimer.php(33): require_once('C:\\xampp\\htdocs...')
#2 C:\xampp\htdocs\vapobar\wp-includes\class-wp-hook.php(287): disclaimerFonction('')
#3 C:\xampp\htdocs\vapobar\wp-includes\class-wp-hook.php(311): WP_Hook->apply_filters('', Array)
#4 C:\xampp\htdocs\vapobar\wp-includes\plugin.php(484): WP_Hook->do_action(Array)
#5 C:\xampp\htdocs\vapobar\wp-admin\admin.php(259): do_action('toplevel_page_e...')
#6 {main}
  thrown dans C:\xampp\htdocs\vapobar\wp-content\plugins\eu-disclaimer\Model\Repository\DisclaimerGestionTable.php à la ligne 57

2021-01-21T16:56:38+00:00 CRITICAL Uncaught TypeError: Argument 1 passed to DisclaimerGestionTable::insererDansTable() must be an instance of DisclaimerOptions, null given, called in C:\xampp\htdocs\vapobar\wp-content\plugins\eu-disclaimer\views\disclaimer-menu.php on line 54 and defined in C:\xampp\htdocs\vapobar\wp-content\plugins\eu-disclaimer\Model\Repository\DisclaimerGestionTable.php:57
Stack trace:
#0 C:\xampp\htdocs\vapobar\wp-content\plugins\eu-disclaimer\views\disclaimer-menu.php(54): DisclaimerGestionTable::insererDansTable(NULL, 'https://google....')
#1 C:\xampp\htdocs\vapobar\wp-content\plugins\eu-disclaimer\eu-disclaimer.php(33): require_once('C:\\xampp\\htdocs...')
#2 C:\xampp\htdocs\vapobar\wp-includes\class-wp-hook.php(287): disclaimerFonction('')
#3 C:\xampp\htdocs\vapobar\wp-includes\class-wp-hook.php(311): WP_Hook->apply_filters('', Array)
#4 C:\xampp\htdocs\vapobar\wp-includes\plugin.php(484): WP_Hook->do_action(Array)
#5 C:\xampp\htdocs\vapobar\wp-admin\admin.php(259): do_action('toplevel_page_e...')
#6 {main}
  thrown dans C:\xampp\htdocs\vapobar\wp-content\plugins\eu-disclaimer\Model\Repository\DisclaimerGestionTable.php à la ligne 57

2021-01-21T17:07:17+00:00 CRITICAL Uncaught TypeError: Argument 1 passed to DisclaimerGestionTable::insererDansTable() must be an instance of DisclaimerOptions, null given, called in C:\xampp\htdocs\vapobar\wp-content\plugins\eu-disclaimer\views\disclaimer-menu.php on line 55 and defined in C:\xampp\htdocs\vapobar\wp-content\plugins\eu-disclaimer\Model\Repository\DisclaimerGestionTable.php:57
Stack trace:
#0 C:\xampp\htdocs\vapobar\wp-content\plugins\eu-disclaimer\views\disclaimer-menu.php(55): DisclaimerGestionTable::insererDansTable(NULL, 'https://google....')
#1 C:\xampp\htdocs\vapobar\wp-content\plugins\eu-disclaimer\eu-disclaimer.php(33): require_once('C:\\xampp\\htdocs...')
#2 C:\xampp\htdocs\vapobar\wp-includes\class-wp-hook.php(287): disclaimerFonction('')
#3 C:\xampp\htdocs\vapobar\wp-includes\class-wp-hook.php(311): WP_Hook->apply_filters('', Array)
#4 C:\xampp\htdocs\vapobar\wp-includes\plugin.php(484): WP_Hook->do_action(Array)
#5 C:\xampp\htdocs\vapobar\wp-admin\admin.php(259): do_action('toplevel_page_e...')
#6 {main}
  thrown dans C:\xampp\htdocs\vapobar\wp-content\plugins\eu-disclaimer\Model\Repository\DisclaimerGestionTable.php à la ligne 57

2021-01-21T17:08:53+00:00 CRITICAL Uncaught TypeError: Argument 1 passed to DisclaimerGestionTable::insererDansTable() must be an instance of DisclaimerOptions, null given, called in C:\xampp\htdocs\vapobar\wp-content\plugins\eu-disclaimer\views\disclaimer-menu.php on line 54 and defined in C:\xampp\htdocs\vapobar\wp-content\plugins\eu-disclaimer\Model\Repository\DisclaimerGestionTable.php:57
Stack trace:
#0 C:\xampp\htdocs\vapobar\wp-content\plugins\eu-disclaimer\views\disclaimer-menu.php(54): DisclaimerGestionTable::insererDansTable(NULL, 'https://google....')
#1 C:\xampp\htdocs\vapobar\wp-content\plugins\eu-disclaimer\eu-disclaimer.php(33): require_once('C:\\xampp\\htdocs...')
#2 C:\xampp\htdocs\vapobar\wp-includes\class-wp-hook.php(287): disclaimerFonction('')
#3 C:\xampp\htdocs\vapobar\wp-includes\class-wp-hook.php(311): WP_Hook->apply_filters('', Array)
#4 C:\xampp\htdocs\vapobar\wp-includes\plugin.php(484): WP_Hook->do_action(Array)
#5 C:\xampp\htdocs\vapobar\wp-admin\admin.php(259): do_action('toplevel_page_e...')
#6 {main}
  thrown dans C:\xampp\htdocs\vapobar\wp-content\plugins\eu-disclaimer\Model\Repository\DisclaimerGestionTable.php à la ligne 57

